c:\users\isi.751fjw2\source\repos\solution space invader 2\space invader 2\debug\vc141.pdb
c:\users\isi.751fjw2\source\repos\solution space invader 2\space invader 2\debug\vc141.idb
c:\users\isi.751fjw2\source\repos\solution space invader 2\space invader 2\debug\vaisseau.obj
c:\users\isi.751fjw2\source\repos\solution space invader 2\space invader 2\debug\uikit.obj
c:\users\isi.751fjw2\source\repos\solution space invader 2\space invader 2\debug\spacemain.obj
c:\users\isi.751fjw2\source\repos\solution space invader 2\space invader 2\debug\partie.obj
c:\users\isi.751fjw2\source\repos\solution space invader 2\space invader 2\debug\objetdejeu.obj
c:\users\isi.751fjw2\source\repos\solution space invader 2\space invader 2\debug\martien.obj
c:\users\isi.751fjw2\source\repos\solution space invader 2\space invader 2\debug\laser.obj
c:\users\isi.751fjw2\source\repos\solution space invader 2\space invader 2\debug\extraterrestre.obj
c:\users\isi.751fjw2\source\repos\solution space invader 2\space invader 2\debug\coord.obj
c:\_mes_cours\d03_prog_orienté_objet\d03_poo_e22_tp_groupe_1\solution space invader 2\space invader 2\debug\vc141.pdb
c:\_mes_cours\d03_prog_orienté_objet\d03_poo_e22_tp_groupe_1\solution space invader 2\space invader 2\debug\vc141.idb
c:\_mes_cours\d03_prog_orienté_objet\d03_poo_e22_tp_groupe_1\solution space invader 2\space invader 2\debug\validations.obj
c:\_mes_cours\d03_prog_orienté_objet\d03_poo_e22_tp_groupe_1\solution space invader 2\space invader 2\debug\vaisseau.obj
c:\_mes_cours\d03_prog_orienté_objet\d03_poo_e22_tp_groupe_1\solution space invader 2\space invader 2\debug\uikit.obj
c:\_mes_cours\d03_prog_orienté_objet\d03_poo_e22_tp_groupe_1\solution space invader 2\space invader 2\debug\spacemain.obj
c:\_mes_cours\d03_prog_orienté_objet\d03_poo_e22_tp_groupe_1\solution space invader 2\space invader 2\debug\runprogramme.obj
c:\_mes_cours\d03_prog_orienté_objet\d03_poo_e22_tp_groupe_1\solution space invader 2\space invader 2\debug\partie.obj
c:\_mes_cours\d03_prog_orienté_objet\d03_poo_e22_tp_groupe_1\solution space invader 2\space invader 2\debug\objetdejeu.obj
c:\_mes_cours\d03_prog_orienté_objet\d03_poo_e22_tp_groupe_1\solution space invader 2\space invader 2\debug\menu.obj
c:\_mes_cours\d03_prog_orienté_objet\d03_poo_e22_tp_groupe_1\solution space invader 2\space invader 2\debug\martien.obj
c:\_mes_cours\d03_prog_orienté_objet\d03_poo_e22_tp_groupe_1\solution space invader 2\space invader 2\debug\laserameliore.obj
c:\_mes_cours\d03_prog_orienté_objet\d03_poo_e22_tp_groupe_1\solution space invader 2\space invader 2\debug\laser.obj
c:\_mes_cours\d03_prog_orienté_objet\d03_poo_e22_tp_groupe_1\solution space invader 2\space invader 2\debug\extraterrestreameliore.obj
c:\_mes_cours\d03_prog_orienté_objet\d03_poo_e22_tp_groupe_1\solution space invader 2\space invader 2\debug\extraterrestre.obj
c:\_mes_cours\d03_prog_orienté_objet\d03_poo_e22_tp_groupe_1\solution space invader 2\space invader 2\debug\coord.obj
c:\users\isi.751fjw2\source\repos\solution space invader 2\debug\space invader 2.ilk
c:\users\isi.751fjw2\source\repos\solution space invader 2\debug\space invader 2.exe
c:\users\isi.751fjw2\source\repos\solution space invader 2\debug\space invader 2.pdb
c:\_mes_cours\d03_prog_orienté_objet\d03_poo_e22_tp_groupe_1\solution space invader 2\debug\space invader 2.ilk
c:\_mes_cours\d03_prog_orienté_objet\d03_poo_e22_tp_groupe_1\solution space invader 2\debug\space invader 2.exe
c:\_mes_cours\d03_prog_orienté_objet\d03_poo_e22_tp_groupe_1\solution space invader 2\debug\space invader 2.pdb
c:\_mes_cours\d03_prog_orienté_objet\d03_poo_e22_tp_groupe_1\solution space invader 2\space invader 2\debug\entetedepartie.obj
c:\_mes_cours\d03_prog_orienté_objet\d03_poo_e22_tp_groupe_1\solution space invader 2\space invader 2\debug\coord.obj.enc
c:\_mes_cours\d03_prog_orienté_objet\d03_poo_e22_tp_groupe_1\solution space invader 2\space invader 2\debug\menu.obj.enc
c:\_mes_cours\d03_prog_orienté_objet\d03_poo_e22_tp_groupe_1\solution space invader 2\space invader 2\debug\objetdejeu.obj.enc
c:\_mes_cours\d03_prog_orienté_objet\d03_poo_e22_tp_groupe_1\solution space invader 2\space invader 2\debug\spacemain.obj.enc
c:\_mes_cours\d03_prog_orienté_objet\d03_poo_e22_tp_groupe_1\solution space invader 2\space invader 2\debug\space invader 2.tlog\cl.command.1.tlog
c:\_mes_cours\d03_prog_orienté_objet\d03_poo_e22_tp_groupe_1\solution space invader 2\space invader 2\debug\space invader 2.tlog\cl.read.1.tlog
c:\_mes_cours\d03_prog_orienté_objet\d03_poo_e22_tp_groupe_1\solution space invader 2\space invader 2\debug\space invader 2.tlog\cl.write.1.tlog
c:\_mes_cours\d03_prog_orienté_objet\d03_poo_e22_tp_groupe_1\solution space invader 2\space invader 2\debug\space invader 2.tlog\link.command.1.tlog
c:\_mes_cours\d03_prog_orienté_objet\d03_poo_e22_tp_groupe_1\solution space invader 2\space invader 2\debug\space invader 2.tlog\link.read.1.tlog
c:\_mes_cours\d03_prog_orienté_objet\d03_poo_e22_tp_groupe_1\solution space invader 2\space invader 2\debug\space invader 2.tlog\link.write.1.tlog
